{"/home/breno/workspace/to-do/src/classes/Todo.js": {"path":"/home/breno/workspace/to-do/src/classes/Todo.js","statementMap":{"0":{"start":{"line":5,"column":4},"end":{"line":5,"column":35}},"1":{"start":{"line":6,"column":4},"end":{"line":6,"column":31}},"2":{"start":{"line":7,"column":4},"end":{"line":7,"column":23}},"3":{"start":{"line":8,"column":4},"end":{"line":8,"column":27}},"4":{"start":{"line":12,"column":4},"end":{"line":12,"column":35}},"5":{"start":{"line":16,"column":4},"end":{"line":16,"column":28}},"6":{"start":{"line":20,"column":4},"end":{"line":20,"column":23}},"7":{"start":{"line":24,"column":4},"end":{"line":24,"column":22}},"8":{"start":{"line":28,"column":4},"end":{"line":28,"column":37}},"9":{"start":{"line":32,"column":4},"end":{"line":32,"column":26}},"10":{"start":{"line":36,"column":4},"end":{"line":36,"column":24}},"11":{"start":{"line":40,"column":4},"end":{"line":40,"column":27}}},"fnMap":{"0":{"name":"(anonymous_0)","decl":{"start":{"line":2,"column":2},"end":{"line":2,"column":3}},"loc":{"start":{"line":4,"column":5},"end":{"line":9,"column":3}},"line":4},"1":{"name":"(anonymous_1)","decl":{"start":{"line":11,"column":2},"end":{"line":11,"column":3}},"loc":{"start":{"line":11,"column":30},"end":{"line":13,"column":3}},"line":11},"2":{"name":"(anonymous_2)","decl":{"start":{"line":15,"column":2},"end":{"line":15,"column":3}},"loc":{"start":{"line":15,"column":19},"end":{"line":17,"column":3}},"line":15},"3":{"name":"(anonymous_3)","decl":{"start":{"line":19,"column":2},"end":{"line":19,"column":3}},"loc":{"start":{"line":19,"column":18},"end":{"line":21,"column":3}},"line":19},"4":{"name":"(anonymous_4)","decl":{"start":{"line":23,"column":2},"end":{"line":23,"column":3}},"loc":{"start":{"line":23,"column":13},"end":{"line":25,"column":3}},"line":23},"5":{"name":"(anonymous_5)","decl":{"start":{"line":27,"column":2},"end":{"line":27,"column":3}},"loc":{"start":{"line":27,"column":20},"end":{"line":29,"column":3}},"line":27},"6":{"name":"(anonymous_6)","decl":{"start":{"line":31,"column":2},"end":{"line":31,"column":3}},"loc":{"start":{"line":31,"column":16},"end":{"line":33,"column":3}},"line":31},"7":{"name":"(anonymous_7)","decl":{"start":{"line":35,"column":2},"end":{"line":35,"column":3}},"loc":{"start":{"line":35,"column":15},"end":{"line":37,"column":3}},"line":35},"8":{"name":"(anonymous_8)","decl":{"start":{"line":39,"column":2},"end":{"line":39,"column":3}},"loc":{"start":{"line":39,"column":22},"end":{"line":41,"column":3}},"line":39}},"branchMap":{"0":{"loc":{"start":{"line":3,"column":4},"end":{"line":3,"column":20}},"type":"default-arg","locations":[{"start":{"line":3,"column":18},"end":{"line":3,"column":20}}],"line":3},"1":{"loc":{"start":{"line":3,"column":22},"end":{"line":3,"column":39}},"type":"default-arg","locations":[{"start":{"line":3,"column":34},"end":{"line":3,"column":39}}],"line":3},"2":{"loc":{"start":{"line":3,"column":41},"end":{"line":3,"column":50}},"type":"default-arg","locations":[{"start":{"line":3,"column":49},"end":{"line":3,"column":50}}],"line":3},"3":{"loc":{"start":{"line":3,"column":52},"end":{"line":3,"column":66}},"type":"default-arg","locations":[{"start":{"line":3,"column":62},"end":{"line":3,"column":66}}],"line":3}},"s":{"0":1,"1":1,"2":1,"3":1,"4":0,"5":0,"6":0,"7":0,"8":0,"9":0,"10":0,"11":1},"f":{"0":1,"1":0,"2":0,"3":0,"4":0,"5":0,"6":0,"7":0,"8":1},"b":{"0":[0],"1":[0],"2":[1],"3":[1]},"_coverageSchema":"1a1c01bbd47fc00a2c39e90264f33305004495a9","hash":"7809d946416f076e59ee6fc61004c4fc6791d4bd"}
,"/home/breno/workspace/to-do/src/classes/TodoList.js": {"path":"/home/breno/workspace/to-do/src/classes/TodoList.js","statementMap":{"0":{"start":{"line":3,"column":4},"end":{"line":3,"column":26}},"1":{"start":{"line":7,"column":4},"end":{"line":7,"column":63}},"2":{"start":{"line":7,"column":37},"end":{"line":7,"column":61}},"3":{"start":{"line":10,"column":13},"end":{"line":18,"column":3}},"4":{"start":{"line":11,"column":20},"end":{"line":16,"column":5}},"5":{"start":{"line":12,"column":6},"end":{"line":14,"column":7}},"6":{"start":{"line":13,"column":8},"end":{"line":13,"column":17}},"7":{"start":{"line":15,"column":6},"end":{"line":15,"column":16}},"8":{"start":{"line":17,"column":4},"end":{"line":17,"column":31}},"9":{"start":{"line":21,"column":4},"end":{"line":21,"column":42}},"10":{"start":{"line":25,"column":4},"end":{"line":25,"column":63}},"11":{"start":{"line":25,"column":45},"end":{"line":25,"column":61}},"12":{"start":{"line":26,"column":4},"end":{"line":26,"column":20}},"13":{"start":{"line":30,"column":4},"end":{"line":30,"column":62}},"14":{"start":{"line":30,"column":45},"end":{"line":30,"column":60}},"15":{"start":{"line":31,"column":4},"end":{"line":31,"column":20}},"16":{"start":{"line":35,"column":4},"end":{"line":35,"column":26}},"17":{"start":{"line":39,"column":4},"end":{"line":39,"column":22}},"18":{"start":{"line":43,"column":17},"end":{"line":43,"column":31}}},"fnMap":{"0":{"name":"(anonymous_0)","decl":{"start":{"line":2,"column":2},"end":{"line":2,"column":3}},"loc":{"start":{"line":2,"column":29},"end":{"line":4,"column":3}},"line":2},"1":{"name":"(anonymous_1)","decl":{"start":{"line":6,"column":2},"end":{"line":6,"column":3}},"loc":{"start":{"line":6,"column":20},"end":{"line":8,"column":3}},"line":6},"2":{"name":"(anonymous_2)","decl":{"start":{"line":7,"column":27},"end":{"line":7,"column":28}},"loc":{"start":{"line":7,"column":37},"end":{"line":7,"column":61}},"line":7},"3":{"name":"(anonymous_3)","decl":{"start":{"line":10,"column":13},"end":{"line":10,"column":14}},"loc":{"start":{"line":10,"column":19},"end":{"line":18,"column":3}},"line":10},"4":{"name":"(anonymous_4)","decl":{"start":{"line":11,"column":20},"end":{"line":11,"column":21}},"loc":{"start":{"line":11,"column":30},"end":{"line":16,"column":5}},"line":11},"5":{"name":"(anonymous_5)","decl":{"start":{"line":20,"column":2},"end":{"line":20,"column":3}},"loc":{"start":{"line":20,"column":19},"end":{"line":22,"column":3}},"line":20},"6":{"name":"(anonymous_6)","decl":{"start":{"line":24,"column":2},"end":{"line":24,"column":3}},"loc":{"start":{"line":24,"column":22},"end":{"line":27,"column":3}},"line":24},"7":{"name":"(anonymous_7)","decl":{"start":{"line":25,"column":35},"end":{"line":25,"column":36}},"loc":{"start":{"line":25,"column":45},"end":{"line":25,"column":61}},"line":25},"8":{"name":"(anonymous_8)","decl":{"start":{"line":29,"column":2},"end":{"line":29,"column":3}},"loc":{"start":{"line":29,"column":20},"end":{"line":32,"column":3}},"line":29},"9":{"name":"(anonymous_9)","decl":{"start":{"line":30,"column":35},"end":{"line":30,"column":36}},"loc":{"start":{"line":30,"column":45},"end":{"line":30,"column":60}},"line":30},"10":{"name":"(anonymous_10)","decl":{"start":{"line":34,"column":2},"end":{"line":34,"column":3}},"loc":{"start":{"line":34,"column":21},"end":{"line":36,"column":3}},"line":34},"11":{"name":"(anonymous_11)","decl":{"start":{"line":38,"column":2},"end":{"line":38,"column":3}},"loc":{"start":{"line":38,"column":13},"end":{"line":40,"column":3}},"line":38}},"branchMap":{"0":{"loc":{"start":{"line":2,"column":14},"end":{"line":2,"column":27}},"type":"default-arg","locations":[{"start":{"line":2,"column":25},"end":{"line":2,"column":27}}],"line":2},"1":{"loc":{"start":{"line":12,"column":6},"end":{"line":14,"column":7}},"type":"if","locations":[{"start":{"line":12,"column":6},"end":{"line":14,"column":7}},{"start":{"line":12,"column":6},"end":{"line":14,"column":7}}],"line":12}},"s":{"0":1,"1":0,"2":0,"3":1,"4":0,"5":0,"6":0,"7":0,"8":0,"9":1,"10":0,"11":0,"12":0,"13":0,"14":0,"15":0,"16":0,"17":2,"18":1},"f":{"0":1,"1":0,"2":0,"3":0,"4":0,"5":1,"6":0,"7":0,"8":0,"9":0,"10":0,"11":2},"b":{"0":[1],"1":[0,0]},"_coverageSchema":"1a1c01bbd47fc00a2c39e90264f33305004495a9","hash":"3c44a2cfaa62dcb976596267dbfdc42c2634752d"}
,"/home/breno/workspace/to-do/src/modules/add_remove.js": {"path":"/home/breno/workspace/to-do/src/modules/add_remove.js","statementMap":{"0":{"start":{"line":5,"column":21},"end":{"line":5,"column":62}},"1":{"start":{"line":8,"column":2},"end":{"line":10,"column":3}},"2":{"start":{"line":9,"column":4},"end":{"line":9,"column":16}},"3":{"start":{"line":11,"column":2},"end":{"line":11,"column":15}},"4":{"start":{"line":15,"column":2},"end":{"line":17,"column":3}},"5":{"start":{"line":16,"column":4},"end":{"line":16,"column":16}},"6":{"start":{"line":18,"column":2},"end":{"line":18,"column":15}},"7":{"start":{"line":22,"column":2},"end":{"line":24,"column":3}},"8":{"start":{"line":23,"column":4},"end":{"line":23,"column":16}},"9":{"start":{"line":25,"column":2},"end":{"line":25,"column":15}},"10":{"start":{"line":29,"column":2},"end":{"line":31,"column":3}},"11":{"start":{"line":30,"column":4},"end":{"line":30,"column":16}},"12":{"start":{"line":32,"column":2},"end":{"line":32,"column":15}},"13":{"start":{"line":36,"column":2},"end":{"line":43,"column":3}},"14":{"start":{"line":37,"column":20},"end":{"line":40,"column":6}},"15":{"start":{"line":41,"column":4},"end":{"line":41,"column":30}},"16":{"start":{"line":42,"column":4},"end":{"line":42,"column":36}},"17":{"start":{"line":47,"column":2},"end":{"line":56,"column":5}},"18":{"start":{"line":48,"column":4},"end":{"line":55,"column":5}},"19":{"start":{"line":49,"column":6},"end":{"line":54,"column":7}},"20":{"start":{"line":50,"column":8},"end":{"line":50,"column":29}},"21":{"start":{"line":51,"column":8},"end":{"line":51,"column":28}},"22":{"start":{"line":52,"column":8},"end":{"line":52,"column":30}},"23":{"start":{"line":53,"column":8},"end":{"line":53,"column":23}},"24":{"start":{"line":60,"column":2},"end":{"line":70,"column":11}},"25":{"start":{"line":61,"column":4},"end":{"line":69,"column":5}},"26":{"start":{"line":62,"column":22},"end":{"line":62,"column":63}},"27":{"start":{"line":63,"column":6},"end":{"line":63,"column":45}},"28":{"start":{"line":64,"column":6},"end":{"line":64,"column":21}},"29":{"start":{"line":65,"column":28},"end":{"line":65,"column":55}},"30":{"start":{"line":66,"column":6},"end":{"line":68,"column":14}},"31":{"start":{"line":67,"column":8},"end":{"line":67,"column":46}},"32":{"start":{"line":72,"column":2},"end":{"line":77,"column":11}},"33":{"start":{"line":73,"column":4},"end":{"line":76,"column":5}},"34":{"start":{"line":74,"column":28},"end":{"line":74,"column":55}},"35":{"start":{"line":75,"column":6},"end":{"line":75,"column":47}},"36":{"start":{"line":81,"column":2},"end":{"line":81,"column":34}},"37":{"start":{"line":82,"column":2},"end":{"line":82,"column":34}},"38":{"start":{"line":86,"column":2},"end":{"line":92,"column":5}},"39":{"start":{"line":87,"column":4},"end":{"line":91,"column":5}},"40":{"start":{"line":88,"column":25},"end":{"line":88,"column":66}},"41":{"start":{"line":89,"column":6},"end":{"line":89,"column":28}},"42":{"start":{"line":90,"column":6},"end":{"line":90,"column":21}},"43":{"start":{"line":96,"column":2},"end":{"line":102,"column":5}},"44":{"start":{"line":97,"column":4},"end":{"line":101,"column":5}},"45":{"start":{"line":98,"column":6},"end":{"line":98,"column":33}},"46":{"start":{"line":99,"column":6},"end":{"line":99,"column":38}},"47":{"start":{"line":100,"column":6},"end":{"line":100,"column":21}}},"fnMap":{"0":{"name":"isValidInputField","decl":{"start":{"line":7,"column":9},"end":{"line":7,"column":26}},"loc":{"start":{"line":7,"column":36},"end":{"line":12,"column":1}},"line":7},"1":{"name":"isValidTodoText","decl":{"start":{"line":14,"column":9},"end":{"line":14,"column":24}},"loc":{"start":{"line":14,"column":34},"end":{"line":19,"column":1}},"line":14},"2":{"name":"isValidDeleteIcon","decl":{"start":{"line":21,"column":9},"end":{"line":21,"column":26}},"loc":{"start":{"line":21,"column":36},"end":{"line":26,"column":1}},"line":21},"3":{"name":"isValidClearBtn","decl":{"start":{"line":28,"column":9},"end":{"line":28,"column":24}},"loc":{"start":{"line":28,"column":34},"end":{"line":33,"column":1}},"line":28},"4":{"name":"addNewTodo","decl":{"start":{"line":35,"column":9},"end":{"line":35,"column":19}},"loc":{"start":{"line":35,"column":32},"end":{"line":44,"column":1}},"line":35},"5":{"name":"addToList","decl":{"start":{"line":46,"column":9},"end":{"line":46,"column":18}},"loc":{"start":{"line":46,"column":33},"end":{"line":57,"column":1}},"line":46},"6":{"name":"(anonymous_6)","decl":{"start":{"line":47,"column":40},"end":{"line":47,"column":41}},"loc":{"start":{"line":47,"column":47},"end":{"line":56,"column":3}},"line":47},"7":{"name":"editTodoItem","decl":{"start":{"line":59,"column":9},"end":{"line":59,"column":21}},"loc":{"start":{"line":59,"column":36},"end":{"line":78,"column":1}},"line":59},"8":{"name":"(anonymous_8)","decl":{"start":{"line":60,"column":40},"end":{"line":60,"column":41}},"loc":{"start":{"line":60,"column":47},"end":{"line":70,"column":3}},"line":60},"9":{"name":"(anonymous_9)","decl":{"start":{"line":66,"column":17},"end":{"line":66,"column":18}},"loc":{"start":{"line":66,"column":23},"end":{"line":68,"column":7}},"line":66},"10":{"name":"(anonymous_10)","decl":{"start":{"line":72,"column":37},"end":{"line":72,"column":38}},"loc":{"start":{"line":72,"column":44},"end":{"line":77,"column":3}},"line":72},"11":{"name":"deleteTodo","decl":{"start":{"line":80,"column":9},"end":{"line":80,"column":19}},"loc":{"start":{"line":80,"column":32},"end":{"line":83,"column":1}},"line":80},"12":{"name":"deleteTodoItem","decl":{"start":{"line":85,"column":9},"end":{"line":85,"column":23}},"loc":{"start":{"line":85,"column":38},"end":{"line":93,"column":1}},"line":85},"13":{"name":"(anonymous_13)","decl":{"start":{"line":86,"column":37},"end":{"line":86,"column":38}},"loc":{"start":{"line":86,"column":44},"end":{"line":92,"column":3}},"line":86},"14":{"name":"deleteAllChecked","decl":{"start":{"line":95,"column":9},"end":{"line":95,"column":25}},"loc":{"start":{"line":95,"column":40},"end":{"line":103,"column":1}},"line":95},"15":{"name":"(anonymous_15)","decl":{"start":{"line":96,"column":37},"end":{"line":96,"column":38}},"loc":{"start":{"line":96,"column":44},"end":{"line":102,"column":3}},"line":96}},"branchMap":{"0":{"loc":{"start":{"line":8,"column":2},"end":{"line":10,"column":3}},"type":"if","locations":[{"start":{"line":8,"column":2},"end":{"line":10,"column":3}},{"start":{"line":8,"column":2},"end":{"line":10,"column":3}}],"line":8},"1":{"loc":{"start":{"line":15,"column":2},"end":{"line":17,"column":3}},"type":"if","locations":[{"start":{"line":15,"column":2},"end":{"line":17,"column":3}},{"start":{"line":15,"column":2},"end":{"line":17,"column":3}}],"line":15},"2":{"loc":{"start":{"line":22,"column":2},"end":{"line":24,"column":3}},"type":"if","locations":[{"start":{"line":22,"column":2},"end":{"line":24,"column":3}},{"start":{"line":22,"column":2},"end":{"line":24,"column":3}}],"line":22},"3":{"loc":{"start":{"line":29,"column":2},"end":{"line":31,"column":3}},"type":"if","locations":[{"start":{"line":29,"column":2},"end":{"line":31,"column":3}},{"start":{"line":29,"column":2},"end":{"line":31,"column":3}}],"line":29},"4":{"loc":{"start":{"line":36,"column":2},"end":{"line":43,"column":3}},"type":"if","locations":[{"start":{"line":36,"column":2},"end":{"line":43,"column":3}},{"start":{"line":36,"column":2},"end":{"line":43,"column":3}}],"line":36},"5":{"loc":{"start":{"line":48,"column":4},"end":{"line":55,"column":5}},"type":"if","locations":[{"start":{"line":48,"column":4},"end":{"line":55,"column":5}},{"start":{"line":48,"column":4},"end":{"line":55,"column":5}}],"line":48},"6":{"loc":{"start":{"line":49,"column":6},"end":{"line":54,"column":7}},"type":"if","locations":[{"start":{"line":49,"column":6},"end":{"line":54,"column":7}},{"start":{"line":49,"column":6},"end":{"line":54,"column":7}}],"line":49},"7":{"loc":{"start":{"line":61,"column":4},"end":{"line":69,"column":5}},"type":"if","locations":[{"start":{"line":61,"column":4},"end":{"line":69,"column":5}},{"start":{"line":61,"column":4},"end":{"line":69,"column":5}}],"line":61},"8":{"loc":{"start":{"line":73,"column":4},"end":{"line":76,"column":5}},"type":"if","locations":[{"start":{"line":73,"column":4},"end":{"line":76,"column":5}},{"start":{"line":73,"column":4},"end":{"line":76,"column":5}}],"line":73},"9":{"loc":{"start":{"line":87,"column":4},"end":{"line":91,"column":5}},"type":"if","locations":[{"start":{"line":87,"column":4},"end":{"line":91,"column":5}},{"start":{"line":87,"column":4},"end":{"line":91,"column":5}}],"line":87},"10":{"loc":{"start":{"line":97,"column":4},"end":{"line":101,"column":5}},"type":"if","locations":[{"start":{"line":97,"column":4},"end":{"line":101,"column":5}},{"start":{"line":97,"column":4},"end":{"line":101,"column":5}}],"line":97}},"s":{"0":1,"1":0,"2":0,"3":0,"4":0,"5":0,"6":0,"7":0,"8":0,"9":0,"10":0,"11":0,"12":0,"13":1,"14":1,"15":1,"16":1,"17":0,"18":0,"19":0,"20":0,"21":0,"22":0,"23":0,"24":0,"25":0,"26":0,"27":0,"28":0,"29":0,"30":0,"31":0,"32":0,"33":0,"34":0,"35":0,"36":0,"37":0,"38":0,"39":0,"40":0,"41":0,"42":0,"43":0,"44":0,"45":0,"46":0,"47":0},"f":{"0":0,"1":0,"2":0,"3":0,"4":1,"5":0,"6":0,"7":0,"8":0,"9":0,"10":0,"11":0,"12":0,"13":0,"14":0,"15":0},"b":{"0":[0,0],"1":[0,0],"2":[0,0],"3":[0,0],"4":[1,0],"5":[0,0],"6":[0,0],"7":[0,0],"8":[0,0],"9":[0,0],"10":[0,0]},"_coverageSchema":"1a1c01bbd47fc00a2c39e90264f33305004495a9","hash":"51ceab6618ff0edffb1d94a92560fcd61d1b9db6"}
}
