TN:
SF:src/classes/Todo.js
FN:2,(anonymous_0)
FN:11,(anonymous_1)
FN:15,(anonymous_2)
FN:19,(anonymous_3)
FN:23,(anonymous_4)
FN:27,(anonymous_5)
FN:31,(anonymous_6)
FN:35,(anonymous_7)
FN:39,(anonymous_8)
FNF:9
FNH:2
FNDA:1,(anonymous_0)
FNDA:0,(anonymous_1)
FNDA:0,(anonymous_2)
FNDA:0,(anonymous_3)
FNDA:0,(anonymous_4)
FNDA:0,(anonymous_5)
FNDA:0,(anonymous_6)
FNDA:0,(anonymous_7)
FNDA:1,(anonymous_8)
DA:5,1
DA:6,1
DA:7,1
DA:8,1
DA:12,0
DA:16,0
DA:20,0
DA:24,0
DA:28,0
DA:32,0
DA:36,0
DA:40,1
LF:12
LH:5
BRDA:3,0,0,0
BRDA:3,1,0,0
BRDA:3,2,0,1
BRDA:3,3,0,1
BRF:4
BRH:2
end_of_record
TN:
SF:src/classes/TodoList.js
FN:2,(anonymous_0)
FN:6,(anonymous_1)
FN:7,(anonymous_2)
FN:10,(anonymous_3)
FN:11,(anonymous_4)
FN:20,(anonymous_5)
FN:24,(anonymous_6)
FN:25,(anonymous_7)
FN:29,(anonymous_8)
FN:30,(anonymous_9)
FN:34,(anonymous_10)
FN:38,(anonymous_11)
FNF:12
FNH:3
FNDA:1,(anonymous_0)
FNDA:0,(anonymous_1)
FNDA:0,(anonymous_2)
FNDA:0,(anonymous_3)
FNDA:0,(anonymous_4)
FNDA:1,(anonymous_5)
FNDA:0,(anonymous_6)
FNDA:0,(anonymous_7)
FNDA:0,(anonymous_8)
FNDA:0,(anonymous_9)
FNDA:0,(anonymous_10)
FNDA:2,(anonymous_11)
DA:3,1
DA:7,0
DA:10,1
DA:11,0
DA:12,0
DA:13,0
DA:15,0
DA:17,0
DA:21,1
DA:25,0
DA:26,0
DA:30,0
DA:31,0
DA:35,0
DA:39,2
DA:43,1
LF:16
LH:5
BRDA:2,0,0,1
BRDA:12,1,0,0
BRDA:12,1,1,0
BRF:3
BRH:1
end_of_record
TN:
SF:src/modules/add_remove.js
FN:7,isValidInputField
FN:14,isValidTodoText
FN:21,isValidDeleteIcon
FN:28,isValidClearBtn
FN:35,addNewTodo
FN:46,addToList
FN:47,(anonymous_6)
FN:59,editTodoItem
FN:60,(anonymous_8)
FN:66,(anonymous_9)
FN:72,(anonymous_10)
FN:80,deleteTodo
FN:85,deleteTodoItem
FN:86,(anonymous_13)
FN:95,deleteAllChecked
FN:96,(anonymous_15)
FNF:16
FNH:1
FNDA:0,isValidInputField
FNDA:0,isValidTodoText
FNDA:0,isValidDeleteIcon
FNDA:0,isValidClearBtn
FNDA:1,addNewTodo
FNDA:0,addToList
FNDA:0,(anonymous_6)
FNDA:0,editTodoItem
FNDA:0,(anonymous_8)
FNDA:0,(anonymous_9)
FNDA:0,(anonymous_10)
FNDA:0,deleteTodo
FNDA:0,deleteTodoItem
FNDA:0,(anonymous_13)
FNDA:0,deleteAllChecked
FNDA:0,(anonymous_15)
DA:5,1
DA:8,0
DA:9,0
DA:11,0
DA:15,0
DA:16,0
DA:18,0
DA:22,0
DA:23,0
DA:25,0
DA:29,0
DA:30,0
DA:32,0
DA:36,1
DA:37,1
DA:41,1
DA:42,1
DA:47,0
DA:48,0
DA:49,0
DA:50,0
DA:51,0
DA:52,0
DA:53,0
DA:60,0
DA:61,0
DA:62,0
DA:63,0
DA:64,0
DA:65,0
DA:66,0
DA:67,0
DA:72,0
DA:73,0
DA:74,0
DA:75,0
DA:81,0
DA:82,0
DA:86,0
DA:87,0
DA:88,0
DA:89,0
DA:90,0
DA:96,0
DA:97,0
DA:98,0
DA:99,0
DA:100,0
LF:48
LH:5
BRDA:8,0,0,0
BRDA:8,0,1,0
BRDA:15,1,0,0
BRDA:15,1,1,0
BRDA:22,2,0,0
BRDA:22,2,1,0
BRDA:29,3,0,0
BRDA:29,3,1,0
BRDA:36,4,0,1
BRDA:36,4,1,0
BRDA:48,5,0,0
BRDA:48,5,1,0
BRDA:49,6,0,0
BRDA:49,6,1,0
BRDA:61,7,0,0
BRDA:61,7,1,0
BRDA:73,8,0,0
BRDA:73,8,1,0
BRDA:87,9,0,0
BRDA:87,9,1,0
BRDA:97,10,0,0
BRDA:97,10,1,0
BRF:22
BRH:1
end_of_record
